<?xml version="1.0" encoding="UTF-8"?>
<testng-results ignored="0" total="1" passed="1" failed="0" skipped="0">
  <reporter-output>
  </reporter-output>
  <suite started-at="2024-11-09T17:13:06 IST" name="Suite" finished-at="2024-11-09T17:13:09 IST" duration-ms="2803">
    <groups>
    </groups>
    <test started-at="2024-11-09T17:13:06 IST" name="Test" finished-at="2024-11-09T17:13:09 IST" duration-ms="2803">
      <class name="tests.PutAPITest">
        <test-method signature="testPutRequest()[pri:0, instance:tests.PutAPITest@63a12c68]" started-at="2024-11-09T17:13:06 IST" name="testPutRequest" finished-at="2024-11-09T17:13:09 IST" duration-ms="2768" status="PASS">
          <reporter-output>
          </reporter-output>
        </test-method> <!-- testPutRequest -->
      </class> <!-- tests.PutAPITest -->
    </test> <!-- Test -->
  </suite> <!-- Suite -->
</testng-results>
